mode: set
github.com/sy9/axl/axl/axl.go:22.48,23.27 1 0
github.com/sy9/axl/axl/axl.go:27.2,29.42 2 0
github.com/sy9/axl/axl/axl.go:33.2,40.50 2 0
github.com/sy9/axl/axl/axl.go:43.2,43.12 1 0
github.com/sy9/axl/axl/axl.go:23.27,24.44 1 0
github.com/sy9/axl/axl/axl.go:29.42,31.3 1 0
github.com/sy9/axl/axl/axl.go:40.50,42.3 1 0
github.com/sy9/axl/axl/axl.go:46.42,51.2 1 0
github.com/sy9/axl/axl/axl.go:53.56,56.6 3 1
github.com/sy9/axl/axl/axl.go:70.2,70.36 1 1
github.com/sy9/axl/axl/axl.go:74.2,74.12 1 1
github.com/sy9/axl/axl/axl.go:56.6,58.17 2 1
github.com/sy9/axl/axl/axl.go:65.3,65.46 1 1
github.com/sy9/axl/axl/axl.go:58.17,59.21 1 1
github.com/sy9/axl/axl/axl.go:62.4,62.60 1 0
github.com/sy9/axl/axl/axl.go:59.21,60.10 1 1
github.com/sy9/axl/axl/axl.go:65.46,67.4 1 0
github.com/sy9/axl/axl/axl.go:70.36,72.3 1 0
github.com/sy9/axl/axl/axl.go:85.51,89.2 1 1
github.com/sy9/axl/axl/axl.go:93.39,96.2 2 1
github.com/sy9/axl/axl/axl.go:101.60,102.27 1 1
github.com/sy9/axl/axl/axl.go:129.2,129.37 1 1
github.com/sy9/axl/axl/axl.go:103.20,105.13 2 1
github.com/sy9/axl/axl/axl.go:106.24,110.21 4 1
github.com/sy9/axl/axl/axl.go:114.22,115.56 1 1
github.com/sy9/axl/axl/axl.go:120.3,121.21 2 1
github.com/sy9/axl/axl/axl.go:125.3,125.17 1 1
github.com/sy9/axl/axl/axl.go:126.19,127.13 1 1
github.com/sy9/axl/axl/axl.go:110.21,113.4 2 1
github.com/sy9/axl/axl/axl.go:115.56,116.64 1 1
github.com/sy9/axl/axl/axl.go:116.64,118.5 1 0
github.com/sy9/axl/axl/axl.go:121.21,124.4 2 1
